Release 14.7 - xst P.20131013 (lin64)
Copyright (c) 1995-2013 Xilinx, Inc.  All rights reserved.
--> 
Parameter TMPDIR set to xst/projnav.tmp


Total REAL time to Xst completion: 0.00 secs
Total CPU time to Xst completion: 0.04 secs
 
--> 
Parameter xsthdpdir set to xst


Total REAL time to Xst completion: 0.00 secs
Total CPU time to Xst completion: 0.04 secs
 
--> 
Reading design: encoder.prj

TABLE OF CONTENTS
  1) Synthesis Options Summary
  2) HDL Compilation
  3) Design Hierarchy Analysis
  4) HDL Analysis
  5) HDL Synthesis
     5.1) HDL Synthesis Report
  6) Advanced HDL Synthesis
     6.1) Advanced HDL Synthesis Report
  7) Low Level Synthesis
  8) Partition Report
  9) Final Report
	9.1) Device utilization summary
	9.2) Partition Resource Summary
	9.3) TIMING REPORT


=========================================================================
*                      Synthesis Options Summary                        *
=========================================================================
---- Source Parameters
Input File Name                    : "encoder.prj"
Input Format                       : mixed
Ignore Synthesis Constraint File   : NO

---- Target Parameters
Output File Name                   : "encoder"
Output Format                      : NGC
Target Device                      : xc3s250e-5-tq144

---- Source Options
Top Module Name                    : encoder
Automatic FSM Extraction           : YES
FSM Encoding Algorithm             : Auto
Safe Implementation                : No
FSM Style                          : LUT
RAM Extraction                     : Yes
RAM Style                          : Auto
ROM Extraction                     : Yes
Mux Style                          : Auto
Decoder Extraction                 : YES
Priority Encoder Extraction        : Yes
Shift Register Extraction          : YES
Logical Shifter Extraction         : YES
XOR Collapsing                     : YES
ROM Style                          : Auto
Mux Extraction                     : Yes
Resource Sharing                   : YES
Asynchronous To Synchronous        : NO
Multiplier Style                   : Auto
Automatic Register Balancing       : No

---- Target Options
Add IO Buffers                     : YES
Global Maximum Fanout              : 100000
Add Generic Clock Buffer(BUFG)     : 24
Register Duplication               : YES
Slice Packing                      : YES
Optimize Instantiated Primitives   : NO
Use Clock Enable                   : Yes
Use Synchronous Set                : Yes
Use Synchronous Reset              : Yes
Pack IO Registers into IOBs        : Auto
Equivalent register Removal        : YES

---- General Options
Optimization Goal                  : Speed
Optimization Effort                : 1
Keep Hierarchy                     : No
Netlist Hierarchy                  : As_Optimized
RTL Output                         : Yes
Global Optimization                : AllClockNets
Read Cores                         : YES
Write Timing Constraints           : NO
Cross Clock Analysis               : NO
Hierarchy Separator                : /
Bus Delimiter                      : <>
Case Specifier                     : Maintain
Slice Utilization Ratio            : 100
BRAM Utilization Ratio             : 100
Verilog 2001                       : YES
Auto BRAM Packing                  : NO
Slice Utilization Ratio Delta      : 5

---- Other Options
Cores Search Directories           : {"ipcore_dir"  }

=========================================================================


=========================================================================
*                          HDL Compilation                              *
=========================================================================
Compiling vhdl file "/home/school/ise_projs/final-year-project/EncoderV2/size_data_pkg.vhd" in Library work.
Architecture size_data_pkg of Entity size_data_pkg is up to date.
Compiling vhdl file "/home/school/ise_projs/final-year-project/EncoderV2/encoder_state_pkg.vhd" in Library work.
Architecture encoder_state_pkg of Entity encoder_state_pkg is up to date.
Compiling vhdl file "/home/school/ise_projs/final-year-project/EncoderV2/list.vhd" in Library work.
Entity <list> compiled.
Entity <list> (Architecture <behavioral>) compiled.
Compiling vhdl file "/home/school/ise_projs/final-year-project/EncoderV2/encoder.vhd" in Library work.
Entity <encoder> compiled.
ERROR:HDLParsers:164 - "/home/school/ise_projs/final-year-project/EncoderV2/encoder.vhd" Line 48. parse error, unexpected LE, expecting AFFECT or SEMICOLON
ERROR:HDLParsers:164 - "/home/school/ise_projs/final-year-project/EncoderV2/encoder.vhd" Line 49. parse error, unexpected LE, expecting AFFECT or SEMICOLON
ERROR:HDLParsers:164 - "/home/school/ise_projs/final-year-project/EncoderV2/encoder.vhd" Line 50. parse error, unexpected LE, expecting AFFECT or SEMICOLON
ERROR:HDLParsers:3313 - "/home/school/ise_projs/final-year-project/EncoderV2/encoder.vhd" Line 60. Undefined symbol 'li'.  Should it be: si?
ERROR:HDLParsers:1209 - "/home/school/ise_projs/final-year-project/EncoderV2/encoder.vhd" Line 60. li: Undefined symbol (last report in this block)
ERROR:HDLParsers:851 - "/home/school/ise_projs/final-year-project/EncoderV2/encoder.vhd" Line 56. Formal enable of entity with no default value must be associated with an actual value.
ERROR:HDLParsers:3312 - "/home/school/ise_projs/final-year-project/EncoderV2/encoder.vhd" Line 65. Undefined symbol 'current_state'.
ERROR:HDLParsers:1209 - "/home/school/ise_projs/final-year-project/EncoderV2/encoder.vhd" Line 67. current_state: Undefined symbol (last report in this block)
ERROR:HDLParsers:3312 - "/home/school/ise_projs/final-year-project/EncoderV2/encoder.vhd" Line 67. Undefined symbol 'next_state'.
ERROR:HDLParsers:1209 - "/home/school/ise_projs/final-year-project/EncoderV2/encoder.vhd" Line 67. next_state: Undefined symbol (last report in this block)
ERROR:HDLParsers:3312 - "/home/school/ise_projs/final-year-project/EncoderV2/encoder.vhd" Line 76. Undefined symbol 'current_state'.
ERROR:HDLParsers:1209 - "/home/school/ise_projs/final-year-project/EncoderV2/encoder.vhd" Line 76. current_state: Undefined symbol (last report in this block)
ERROR:HDLParsers:3312 - "/home/school/ise_projs/final-year-project/EncoderV2/encoder.vhd" Line 78. Undefined symbol 'next_state'.
ERROR:HDLParsers:1209 - "/home/school/ise_projs/final-year-project/EncoderV2/encoder.vhd" Line 87. next_state: Undefined symbol (last report in this block)
ERROR:HDLParsers:3313 - "/home/school/ise_projs/final-year-project/EncoderV2/encoder.vhd" Line 94. Undefined symbol 'li'.  Should it be: si?
ERROR:HDLParsers:1209 - "/home/school/ise_projs/final-year-project/EncoderV2/encoder.vhd" Line 94. li: Undefined symbol (last report in this block)
--> 


Total memory usage is 490040 kilobytes

Number of errors   :   16 (   0 filtered)
Number of warnings :    0 (   0 filtered)
Number of infos    :    0 (   0 filtered)

