Running: /opt/Xilinx/14.7/ISE_DS/ISE/bin/lin64/unwrapped/fuse -intstyle ise -incremental -o /home/school/ise_projs/final-year-project/EncoderV2/top_test_1_isim_beh.exe -prj /home/school/ise_projs/final-year-project/EncoderV2/top_test_1_beh.prj work.top_test_1 
ISim P.20131013 (signature 0xfbc00daa)
Number of CPUs detected in this system: 4
Turning on mult-threading, number of parallel sub-compilation jobs: 8 
Determining compilation order of HDL files
Parsing VHDL file "/home/school/ise_projs/final-year-project/EncoderV2/ipcore_dir/IMAGE_RAM.vhd" into library work
Parsing VHDL file "/home/school/ise_projs/final-year-project/EncoderV2/ipcore_dir/SECRET_RAM.vhd" into library work
Parsing VHDL file "/home/school/ise_projs/final-year-project/EncoderV2/size_data_pkg.vhd" into library work
Parsing VHDL file "/home/school/ise_projs/final-year-project/EncoderV2/list_index_size_calc.vhd" into library work
Parsing VHDL file "/home/school/ise_projs/final-year-project/EncoderV2/list.vhd" into library work
Parsing VHDL file "/home/school/ise_projs/final-year-project/EncoderV2/encoder_state_pkg.vhd" into library work
Parsing VHDL file "/home/school/ise_projs/final-year-project/EncoderV2/conversions_pkg.vhd" into library work
Parsing VHDL file "/home/school/ise_projs/final-year-project/EncoderV2/encoder.vhd" into library work
Parsing VHDL file "/home/school/ise_projs/final-year-project/EncoderV2/converter.vhd" into library work
Parsing VHDL file "/home/school/ise_projs/final-year-project/EncoderV2/address_calculator.vhd" into library work
Parsing VHDL file "/home/school/ise_projs/final-year-project/EncoderV2/top.vhd" into library work
Parsing VHDL file "/home/school/ise_projs/final-year-project/EncoderV2/top_test_1.vhd" into library work
Starting static elaboration
Completed static elaboration
Fuse Memory Usage: 210420 KB
Fuse CPU Usage: 6290 ms
Compiling package standard
Compiling package std_logic_1164
Compiling package textio
Compiling package std_logic_textio
Compiling package numeric_std
Compiling package size_data_pkg
Compiling package encoder_state_pkg
Compiling package conversions_pkg
Compiling architecture behavioral of entity address_calculator [address_calculator_default]
Compiling package std_logic_arith
Compiling package std_logic_unsigned
Compiling architecture output_stage_behavioral of entity BLK_MEM_GEN_V7_3_output_stage [\BLK_MEM_GEN_V7_3_output_stage("...]
Compiling architecture softecc_output_reg_stage_behavioral of entity BLK_MEM_GEN_V7_3_softecc_output_reg_stage [\BLK_MEM_GEN_V7_3_softecc_output...]
Compiling architecture mem_module_behavioral of entity BLK_MEM_GEN_V7_3_mem_module [\BLK_MEM_GEN_V7_3_mem_module("bl...]
Compiling architecture behavioral of entity BLK_MEM_GEN_V7_3 [\BLK_MEM_GEN_V7_3("blk_mem_gen_v...]
Compiling architecture image_ram_a of entity IMAGE_RAM [image_ram_default]
Compiling architecture output_stage_behavioral of entity BLK_MEM_GEN_V7_3_output_stage [\BLK_MEM_GEN_V7_3_output_stage("...]
Compiling architecture softecc_output_reg_stage_behavioral of entity BLK_MEM_GEN_V7_3_softecc_output_reg_stage [\BLK_MEM_GEN_V7_3_softecc_output...]
Compiling architecture mem_module_behavioral of entity BLK_MEM_GEN_V7_3_mem_module [\BLK_MEM_GEN_V7_3_mem_module("bl...]
Compiling architecture behavioral of entity BLK_MEM_GEN_V7_3 [\BLK_MEM_GEN_V7_3("blk_mem_gen_v...]
Compiling architecture secret_ram_a of entity SECRET_RAM [secret_ram_default]
Compiling architecture behavioral of entity converter [converter_default]
Compiling architecture behavioral of entity list [list_default]
Compiling architecture behavioral of entity list_index_size_calc [list_index_size_calc_default]
Compiling architecture behavioral of entity encoder [encoder_default]
Compiling architecture behavioral of entity top [top_default]
Compiling architecture behavior of entity top_test_1
Time Resolution for simulation is 1ps.
Waiting for 3 sub-compilation(s) to finish...
Compiled 43 VHDL Units
Built simulation executable /home/school/ise_projs/final-year-project/EncoderV2/top_test_1_isim_beh.exe
Fuse Memory Usage: 788692 KB
Fuse CPU Usage: 6950 ms
GCC CPU Usage: 2580 ms
