INFO:sim:172 - Generating IP...
Applying current project options...
Finished applying current project options.
WARNING:sim - A core named 'data_ram' already exists in the project. Output
   products for this core may be overwritten.
Resolving generics for 'data_ram'...
WARNING:sim - A core named 'data_ram' already exists in the project. Output
   products for this core may be overwritten.
Applying external generics to 'data_ram'...
Delivering associated files for 'data_ram'...
Delivering EJava files for 'data_ram'...
Generating implementation netlist for 'data_ram'...
INFO:sim - Pre-processing HDL files for 'data_ram'...
Running synthesis for 'data_ram'
Running ngcbuild...
Writing VHO instantiation template for 'data_ram'...
Writing VHDL behavioral simulation model for 'data_ram'...
WARNING:sim - Overwriting existing file
   /home/school/ise_projs/final-year-project/Decoder/ipcore_dir/tmp/_cg/data_ram
   /doc/blk_mem_gen_v7_3_vinfo.html with file from view xilinx_documentation
Delivered 1 file into directory
/home/school/ise_projs/final-year-project/Decoder/ipcore_dir/tmp/_cg/data_ram
Generating ASY schematic symbol...
INFO:sim:949 - Finished generation of ASY schematic symbol.
Generating SYM schematic symbol for 'data_ram'...
Generating metadata file...
Regenerating ISE project file for 'data_ram'...
Generating ISE project...
XCO file found: data_ram.xco
XMDF file found: data_ram_xmdf.tcl
Adding
/home/school/ise_projs/final-year-project/Decoder/ipcore_dir/tmp/_cg/data_ram.as
y -view all -origin_type imported
Adding
/home/school/ise_projs/final-year-project/Decoder/ipcore_dir/tmp/_cg/data_ram.ng
c -view all -origin_type created
Checking file
"/home/school/ise_projs/final-year-project/Decoder/ipcore_dir/tmp/_cg/data_ram.n
gc" for project device match ...
File
"/home/school/ise_projs/final-year-project/Decoder/ipcore_dir/tmp/_cg/data_ram.n
gc" device information matches project device.
Adding
/home/school/ise_projs/final-year-project/Decoder/ipcore_dir/tmp/_cg/data_ram.sy
m -view all -origin_type imported
Adding
/home/school/ise_projs/final-year-project/Decoder/ipcore_dir/tmp/_cg/data_ram.vh
d -view all -origin_type created
INFO:HDLCompiler:1061 - Parsing VHDL file
   "/home/school/ise_projs/final-year-project/Decoder/ipcore_dir/tmp/_cg/data_ra
   m.vhd" into library work
INFO:ProjectMgmt - Parsing design hierarchy completed successfully.
Adding
/home/school/ise_projs/final-year-project/Decoder/ipcore_dir/tmp/_cg/data_ram.vh
o -view all -origin_type imported
INFO:TclTasksC:2116 - The automatic calculation of top has been turned-off.
   Please set the new top explicitly by running the "project set top" command.
   To re-calculate the new top automatically, set the "Auto Implementation Top"
   property to true.
Top level has been set to "/data_ram"
Generating README file...
Generating FLIST file...
INFO:sim:948 - Finished FLIST file generation.
Launching README viewer...
Moving files to output directory...
Finished moving files to output directory
Wrote CGP file for project 'data_ram'.
