Command line:
   main_isim_beh.exe
     -simmode  gui
     -simrunnum  0
     -socket  51712

Mon Mar 16 23:55:07 2015


 Elaboration Time: 0.02 sec

 Current Memory Usage: 227.48 Meg

 Total Signals          : 11
 Total Nets             : 24
 Total Signal Drivers   : 6
 Total Blocks           : 7
 Total Primitive Blocks : 6
 Total Processes        : 3
 Total Traceable Variables  : 46
 Total Scalar Nets and Variables : 647
Total Line Count : 83

 Total Simulation Time: 0.03 sec

 Current Memory Usage: 302.981 Meg

Mon Mar 16 23:56:04 2015

